2023-08-06 05:05:06.026957 - Initialized conversion of CBT533
2023-08-06 05:05:06.454280 - Received CBT.V505.FILE533.PDS from FILE533.XMI 
2023-08-06 05:05:06.457094 - Found $$$#DATE.txt (text/plain) in CBT.V505.FILE533.PDS, moved to PDS/$$$#DATE
2023-08-06 05:05:06.458130 - Found $$$COSBG.txt (text/plain) in CBT.V505.FILE533.PDS, moved to PDS/$$$COSBG
2023-08-06 05:05:06.459273 - Found $$CHANGE.txt (text/plain) in CBT.V505.FILE533.PDS, moved to PDS/$$CHANGE
2023-08-06 05:05:06.460413 - Found $VTT2DOC.txt (text/plain) in CBT.V505.FILE533.PDS, moved to PDS/$VTT2DOC
2023-08-06 05:05:06.461406 - Found @FILE533.txt (text/plain) in CBT.V505.FILE533.PDS, moved to PDS/@FILE533
2023-08-06 05:05:06.462316 - Found FLDAREA.txt (text/plain) in CBT.V505.FILE533.PDS, moved to PDS/FLDAREA
2023-08-06 05:05:06.463331 - Found FLDDRVR.txt (text/plain) in CBT.V505.FILE533.PDS, moved to PDS/FLDDRVR
2023-08-06 05:05:06.464384 - Found FLDDRVR$.jcl (text/plain) in CBT.V505.FILE533.PDS, moved to PDS/FLDDRVR$
2023-08-06 05:05:06.465329 - Found FLDDRVR#.jcl (text/plain) in CBT.V505.FILE533.PDS, moved to PDS/FLDDRVR#
2023-08-06 05:05:06.466289 - Found FOLDEM.txt (text/plain) in CBT.V505.FILE533.PDS, moved to PDS/FOLDEM
2023-08-06 05:05:06.467261 - Found FOLDEM$.jcl (text/plain) in CBT.V505.FILE533.PDS, moved to PDS/FOLDEM$
2023-08-06 05:05:06.468403 - Found M370VTT2.jcl (text/plain) in CBT.V505.FILE533.PDS, moved to PDS/M370VTT2
2023-08-06 05:05:06.469281 - Found STRIPPAD.x-c (text/x-c) in CBT.V505.FILE533.PDS, moved to PDS/STRIPPAD
2023-08-06 05:05:06.470315 - Found TESTDATA.txt (text/plain) in CBT.V505.FILE533.PDS, moved to PDS/TESTDATA
2023-08-06 05:05:06.471208 - Found UNFAREA.txt (text/plain) in CBT.V505.FILE533.PDS, moved to PDS/UNFAREA
2023-08-06 05:05:06.472187 - Found UNFDRVR.txt (text/plain) in CBT.V505.FILE533.PDS, moved to PDS/UNFDRVR
2023-08-06 05:05:06.473078 - Found UNFDRVR$.jcl (text/plain) in CBT.V505.FILE533.PDS, moved to PDS/UNFDRVR$
2023-08-06 05:05:06.474041 - Found UNFDRVR#.jcl (text/plain) in CBT.V505.FILE533.PDS, moved to PDS/UNFDRVR#
2023-08-06 05:05:06.474921 - Found UNFOLDE$.jcl (text/plain) in CBT.V505.FILE533.PDS, moved to PDS/UNFOLDE$
2023-08-06 05:05:06.475787 - Found UNFOLDEM.txt (text/plain) in CBT.V505.FILE533.PDS, moved to PDS/UNFOLDEM
2023-08-06 05:05:06.476621 - Found VTT2CNV$.jcl (text/plain) in CBT.V505.FILE533.PDS, moved to PDS/VTT2CNV$
2023-08-06 05:05:06.477550 - Found VTT2CNVU.txt (text/plain) in CBT.V505.FILE533.PDS, moved to PDS/VTT2CNVU
2023-08-06 05:05:06.478602 - Found VTT2CN1#.jcl (text/plain) in CBT.V505.FILE533.PDS, moved to PDS/VTT2CN1#
2023-08-06 05:05:06.479679 - Found VTT2DIS$.jcl (text/plain) in CBT.V505.FILE533.PDS, moved to PDS/VTT2DIS$
2023-08-06 05:05:06.480572 - Found VTT2DIS#.jcl (text/plain) in CBT.V505.FILE533.PDS, moved to PDS/VTT2DIS#
2023-08-06 05:05:06.481507 - Found VTT2DISK.txt (text/plain) in CBT.V505.FILE533.PDS, moved to PDS/VTT2DISK
2023-08-06 05:05:06.482515 - Found VTT2FK2$.jcl (text/plain) in CBT.V505.FILE533.PDS, moved to PDS/VTT2FK2$
2023-08-06 05:05:06.483442 - Found VTT2FK2#.jcl (text/plain) in CBT.V505.FILE533.PDS, moved to PDS/VTT2FK2#
2023-08-06 05:05:06.484461 - Found VTT2FK2T.txt (text/plain) in CBT.V505.FILE533.PDS, moved to PDS/VTT2FK2T
2023-08-06 05:05:06.501988 - Found VTT2LOAD.xmi (application/xmit) in CBT.V505.FILE533.PDS
2023-08-06 05:05:06.513746   - Received RECFM=U data, stored XMIT file as CBT533/VTT2LOAD.xmi
2023-08-06 05:05:06.514736 - Found VTT2TAP$.jcl (text/plain) in CBT.V505.FILE533.PDS, moved to PDS/VTT2TAP$
2023-08-06 05:05:06.515641 - Found VTT2TAP#.jcl (text/plain) in CBT.V505.FILE533.PDS, moved to PDS/VTT2TAP#
2023-08-06 05:05:06.516557 - Found VTT2TAP@.jcl (text/plain) in CBT.V505.FILE533.PDS, moved to PDS/VTT2TAP@
2023-08-06 05:05:06.517612 - Found VTT2TAPE.txt (text/plain) in CBT.V505.FILE533.PDS, moved to PDS/VTT2TAPE
2023-08-06 05:05:06.518621 - Found VTT2TEST.jcl (text/plain) in CBT.V505.FILE533.PDS, moved to PDS/VTT2TEST
2023-08-06 05:05:06.519570 - Found VTT2T2F$.jcl (text/plain) in CBT.V505.FILE533.PDS, moved to PDS/VTT2T2F$
2023-08-06 05:05:06.520500 - Found VTT2T2F#.jcl (text/plain) in CBT.V505.FILE533.PDS, moved to PDS/VTT2T2F#
2023-08-06 05:05:06.521499 - Found VTT2T2FK.txt (text/plain) in CBT.V505.FILE533.PDS, moved to PDS/VTT2T2FK
